You are using YYP Maker v1.1.5, released in 14-08-2022



[13-01-2024 13:53:46] Initialized GameMaker Project: Dingo2024.yyp
[13-01-2024 13:53:46] Current parent directory: C:/Users/david/Documents/GameMakerStudio2/dingojam2024/Dingo2024/animcurves
[13-01-2024 13:53:46] Current parent directory: C:/Users/david/Documents/GameMakerStudio2/dingojam2024/Dingo2024/extensions
[13-01-2024 13:53:46] Current parent directory: C:/Users/david/Documents/GameMakerStudio2/dingojam2024/Dingo2024/fonts
[13-01-2024 13:53:46] Checking fnGame
[13-01-2024 13:53:46] Directory: C:/Users/david/Documents/GameMakerStudio2/dingojam2024/Dingo2024/fonts/fnGame
[13-01-2024 13:53:46] Current parent directory: C:/Users/david/Documents/GameMakerStudio2/dingojam2024/Dingo2024/fonts/fnGame
[13-01-2024 13:53:46] Checking fnGame.yy
[13-01-2024 13:53:46] Parsing C:/Users/david/Documents/GameMakerStudio2/dingojam2024/Dingo2024/fonts/fnGame/fnGame.yy
[13-01-2024 13:53:46] Reading C:/Users/david/Documents/GameMakerStudio2/dingojam2024/Dingo2024/fonts/fnGame/fnGame.yy
[13-01-2024 13:53:46] Par: "folders/Fonts" at dir: "C:/Users/david/Documents/GameMakerStudio2/dingojam2024/Dingo2024/fonts/fnGame/fnGame.yy"
[13-01-2024 13:53:46] Found Font: fnGame
[13-01-2024 13:53:46] Checking fnGame.png
[13-01-2024 13:53:46] Checking fnGame.old.yy
[13-01-2024 13:53:46] Trash file: fnGame.old.yy, will be moved to ___yyp_maker_trash
[13-01-2024 13:53:46] Checking fnGame.old.png
[13-01-2024 13:53:46] Current parent directory: C:/Users/david/Documents/GameMakerStudio2/dingojam2024/Dingo2024/notes
[13-01-2024 13:53:46] Current parent directory: C:/Users/david/Documents/GameMakerStudio2/dingojam2024/Dingo2024/objects
[13-01-2024 13:53:46] Checking oWall
[13-01-2024 13:53:46] Directory: C:/Users/david/Documents/GameMakerStudio2/dingojam2024/Dingo2024/objects/oWall
[13-01-2024 13:53:46] Checking oUpgradeOrder
[13-01-2024 13:53:46] Directory: C:/Users/david/Documents/GameMakerStudio2/dingojam2024/Dingo2024/objects/oUpgradeOrder
[13-01-2024 13:53:46] Checking oUpgradeblock
[13-01-2024 13:53:46] Directory: C:/Users/david/Documents/GameMakerStudio2/dingojam2024/Dingo2024/objects/oUpgradeblock
[13-01-2024 13:53:46] Checking oPlayer
[13-01-2024 13:53:46] Directory: C:/Users/david/Documents/GameMakerStudio2/dingojam2024/Dingo2024/objects/oPlayer
[13-01-2024 13:53:46] Checking oBullet
[13-01-2024 13:53:46] Directory: C:/Users/david/Documents/GameMakerStudio2/dingojam2024/Dingo2024/objects/oBullet
[13-01-2024 13:53:46] Current parent directory: C:/Users/david/Documents/GameMakerStudio2/dingojam2024/Dingo2024/objects/oBullet
[13-01-2024 13:53:46] Checking Step_0.gml
[13-01-2024 13:53:46] Checking oBullet.yy
[13-01-2024 13:53:46] Parsing C:/Users/david/Documents/GameMakerStudio2/dingojam2024/Dingo2024/objects/oBullet/oBullet.yy
[13-01-2024 13:53:46] Reading C:/Users/david/Documents/GameMakerStudio2/dingojam2024/Dingo2024/objects/oBullet/oBullet.yy
[13-01-2024 13:53:46] Par: "folders/Objects" at dir: "C:/Users/david/Documents/GameMakerStudio2/dingojam2024/Dingo2024/objects/oBullet/oBullet.yy"
[13-01-2024 13:53:46] Found Object: oBullet
[13-01-2024 13:53:46] Checking Create_0.gml
[13-01-2024 13:53:46] Checking Alarm_0.gml
[13-01-2024 13:53:46] Current parent directory: C:/Users/david/Documents/GameMakerStudio2/dingojam2024/Dingo2024/objects/oPlayer
[13-01-2024 13:53:46] Checking Step_0.gml
[13-01-2024 13:53:46] Checking oPlayer.yy
[13-01-2024 13:53:46] Parsing C:/Users/david/Documents/GameMakerStudio2/dingojam2024/Dingo2024/objects/oPlayer/oPlayer.yy
[13-01-2024 13:53:46] Reading C:/Users/david/Documents/GameMakerStudio2/dingojam2024/Dingo2024/objects/oPlayer/oPlayer.yy
[13-01-2024 13:53:46] Par: "folders/Objects" at dir: "C:/Users/david/Documents/GameMakerStudio2/dingojam2024/Dingo2024/objects/oPlayer/oPlayer.yy"
[13-01-2024 13:53:46] Found Object: oPlayer
[13-01-2024 13:53:46] Checking Create_0.gml
[13-01-2024 13:53:46] Current parent directory: C:/Users/david/Documents/GameMakerStudio2/dingojam2024/Dingo2024/objects/oUpgradeblock
[13-01-2024 13:53:46] Checking oUpgradeblock.yy
[13-01-2024 13:53:46] Parsing C:/Users/david/Documents/GameMakerStudio2/dingojam2024/Dingo2024/objects/oUpgradeblock/oUpgradeblock.yy
[13-01-2024 13:53:46] Reading C:/Users/david/Documents/GameMakerStudio2/dingojam2024/Dingo2024/objects/oUpgradeblock/oUpgradeblock.yy
[13-01-2024 13:53:46] Par: "folders/Objects/Upgrade" at dir: "C:/Users/david/Documents/GameMakerStudio2/dingojam2024/Dingo2024/objects/oUpgradeblock/oUpgradeblock.yy"
[13-01-2024 13:53:46] Found Object: oUpgradeblock
[13-01-2024 13:53:46] Checking Gesture_4.gml
[13-01-2024 13:53:46] Checking Gesture_3.gml
[13-01-2024 13:53:46] Checking Draw_0.gml
[13-01-2024 13:53:46] Checking Create_0.gml
[13-01-2024 13:53:46] Current parent directory: C:/Users/david/Documents/GameMakerStudio2/dingojam2024/Dingo2024/objects/oUpgradeOrder
[13-01-2024 13:53:46] Checking oUpgradeOrder.yy
[13-01-2024 13:53:46] Parsing C:/Users/david/Documents/GameMakerStudio2/dingojam2024/Dingo2024/objects/oUpgradeOrder/oUpgradeOrder.yy
[13-01-2024 13:53:46] Reading C:/Users/david/Documents/GameMakerStudio2/dingojam2024/Dingo2024/objects/oUpgradeOrder/oUpgradeOrder.yy
[13-01-2024 13:53:46] Par: "folders/Objects/Upgrade" at dir: "C:/Users/david/Documents/GameMakerStudio2/dingojam2024/Dingo2024/objects/oUpgradeOrder/oUpgradeOrder.yy"
[13-01-2024 13:53:46] Found Object: oUpgradeOrder
[13-01-2024 13:53:46] Checking Gesture_1.gml
[13-01-2024 13:53:46] Checking Create_0.gml
[13-01-2024 13:53:46] Current parent directory: C:/Users/david/Documents/GameMakerStudio2/dingojam2024/Dingo2024/objects/oWall
[13-01-2024 13:53:46] Checking oWall.yy
[13-01-2024 13:53:46] Parsing C:/Users/david/Documents/GameMakerStudio2/dingojam2024/Dingo2024/objects/oWall/oWall.yy
[13-01-2024 13:53:46] Reading C:/Users/david/Documents/GameMakerStudio2/dingojam2024/Dingo2024/objects/oWall/oWall.yy
[13-01-2024 13:53:46] Par: "folders/Objects" at dir: "C:/Users/david/Documents/GameMakerStudio2/dingojam2024/Dingo2024/objects/oWall/oWall.yy"
[13-01-2024 13:53:46] Found Object: oWall
[13-01-2024 13:53:46] Current parent directory: C:/Users/david/Documents/GameMakerStudio2/dingojam2024/Dingo2024/options
[13-01-2024 13:53:46] Checking windows
[13-01-2024 13:53:46] Directory: C:/Users/david/Documents/GameMakerStudio2/dingojam2024/Dingo2024/options/windows
[13-01-2024 13:53:46] Checking tvos
[13-01-2024 13:53:46] Directory: C:/Users/david/Documents/GameMakerStudio2/dingojam2024/Dingo2024/options/tvos
[13-01-2024 13:53:46] Checking operagx
[13-01-2024 13:53:46] Directory: C:/Users/david/Documents/GameMakerStudio2/dingojam2024/Dingo2024/options/operagx
[13-01-2024 13:53:46] Checking main
[13-01-2024 13:53:46] Directory: C:/Users/david/Documents/GameMakerStudio2/dingojam2024/Dingo2024/options/main
[13-01-2024 13:53:46] Checking mac
[13-01-2024 13:53:46] Directory: C:/Users/david/Documents/GameMakerStudio2/dingojam2024/Dingo2024/options/mac
[13-01-2024 13:53:46] Checking linux
[13-01-2024 13:53:46] Directory: C:/Users/david/Documents/GameMakerStudio2/dingojam2024/Dingo2024/options/linux
[13-01-2024 13:53:46] Checking ios
[13-01-2024 13:53:46] Directory: C:/Users/david/Documents/GameMakerStudio2/dingojam2024/Dingo2024/options/ios
[13-01-2024 13:53:46] Checking html5
[13-01-2024 13:53:46] Directory: C:/Users/david/Documents/GameMakerStudio2/dingojam2024/Dingo2024/options/html5
[13-01-2024 13:53:46] Checking android
[13-01-2024 13:53:46] Directory: C:/Users/david/Documents/GameMakerStudio2/dingojam2024/Dingo2024/options/android
[13-01-2024 13:53:46] Current parent directory: C:/Users/david/Documents/GameMakerStudio2/dingojam2024/Dingo2024/options/android
[13-01-2024 13:53:46] Checking options_android.yy
[13-01-2024 13:53:46] Parsing C:/Users/david/Documents/GameMakerStudio2/dingojam2024/Dingo2024/options/android/options_android.yy
[13-01-2024 13:53:46] Reading C:/Users/david/Documents/GameMakerStudio2/dingojam2024/Dingo2024/options/android/options_android.yy
[13-01-2024 13:53:46] Current parent directory: C:/Users/david/Documents/GameMakerStudio2/dingojam2024/Dingo2024/options/html5
[13-01-2024 13:53:46] Checking options_html5.yy
[13-01-2024 13:53:46] Parsing C:/Users/david/Documents/GameMakerStudio2/dingojam2024/Dingo2024/options/html5/options_html5.yy
[13-01-2024 13:53:46] Reading C:/Users/david/Documents/GameMakerStudio2/dingojam2024/Dingo2024/options/html5/options_html5.yy
[13-01-2024 13:53:46] Current parent directory: C:/Users/david/Documents/GameMakerStudio2/dingojam2024/Dingo2024/options/ios
[13-01-2024 13:53:46] Checking options_ios.yy
[13-01-2024 13:53:46] Parsing C:/Users/david/Documents/GameMakerStudio2/dingojam2024/Dingo2024/options/ios/options_ios.yy
[13-01-2024 13:53:46] Reading C:/Users/david/Documents/GameMakerStudio2/dingojam2024/Dingo2024/options/ios/options_ios.yy
[13-01-2024 13:53:46] Current parent directory: C:/Users/david/Documents/GameMakerStudio2/dingojam2024/Dingo2024/options/linux
[13-01-2024 13:53:46] Checking options_linux.yy
[13-01-2024 13:53:46] Parsing C:/Users/david/Documents/GameMakerStudio2/dingojam2024/Dingo2024/options/linux/options_linux.yy
[13-01-2024 13:53:46] Reading C:/Users/david/Documents/GameMakerStudio2/dingojam2024/Dingo2024/options/linux/options_linux.yy
[13-01-2024 13:53:46] Current parent directory: C:/Users/david/Documents/GameMakerStudio2/dingojam2024/Dingo2024/options/mac
[13-01-2024 13:53:46] Checking options_mac.yy
[13-01-2024 13:53:46] Parsing C:/Users/david/Documents/GameMakerStudio2/dingojam2024/Dingo2024/options/mac/options_mac.yy
[13-01-2024 13:53:46] Reading C:/Users/david/Documents/GameMakerStudio2/dingojam2024/Dingo2024/options/mac/options_mac.yy
[13-01-2024 13:53:46] Current parent directory: C:/Users/david/Documents/GameMakerStudio2/dingojam2024/Dingo2024/options/main
[13-01-2024 13:53:46] Checking options_main.yy
[13-01-2024 13:53:46] Parsing C:/Users/david/Documents/GameMakerStudio2/dingojam2024/Dingo2024/options/main/options_main.yy
[13-01-2024 13:53:46] Reading C:/Users/david/Documents/GameMakerStudio2/dingojam2024/Dingo2024/options/main/options_main.yy
[13-01-2024 13:53:46] Current parent directory: C:/Users/david/Documents/GameMakerStudio2/dingojam2024/Dingo2024/options/operagx
[13-01-2024 13:53:46] Checking options_operagx.yy
[13-01-2024 13:53:46] Parsing C:/Users/david/Documents/GameMakerStudio2/dingojam2024/Dingo2024/options/operagx/options_operagx.yy
[13-01-2024 13:53:46] Reading C:/Users/david/Documents/GameMakerStudio2/dingojam2024/Dingo2024/options/operagx/options_operagx.yy
[13-01-2024 13:53:46] Current parent directory: C:/Users/david/Documents/GameMakerStudio2/dingojam2024/Dingo2024/options/tvos
[13-01-2024 13:53:46] Checking options_tvos.yy
[13-01-2024 13:53:46] Parsing C:/Users/david/Documents/GameMakerStudio2/dingojam2024/Dingo2024/options/tvos/options_tvos.yy
[13-01-2024 13:53:46] Reading C:/Users/david/Documents/GameMakerStudio2/dingojam2024/Dingo2024/options/tvos/options_tvos.yy
[13-01-2024 13:53:46] Current parent directory: C:/Users/david/Documents/GameMakerStudio2/dingojam2024/Dingo2024/options/windows
[13-01-2024 13:53:46] Checking options_windows.yy
[13-01-2024 13:53:46] Parsing C:/Users/david/Documents/GameMakerStudio2/dingojam2024/Dingo2024/options/windows/options_windows.yy
[13-01-2024 13:53:46] Reading C:/Users/david/Documents/GameMakerStudio2/dingojam2024/Dingo2024/options/windows/options_windows.yy
[13-01-2024 13:53:46] Current parent directory: C:/Users/david/Documents/GameMakerStudio2/dingojam2024/Dingo2024/paths
[13-01-2024 13:53:46] Current parent directory: C:/Users/david/Documents/GameMakerStudio2/dingojam2024/Dingo2024/rooms
[13-01-2024 13:53:46] Checking rmMainMap
[13-01-2024 13:53:46] Directory: C:/Users/david/Documents/GameMakerStudio2/dingojam2024/Dingo2024/rooms/rmMainMap
[13-01-2024 13:53:46] Current parent directory: C:/Users/david/Documents/GameMakerStudio2/dingojam2024/Dingo2024/rooms/rmMainMap
[13-01-2024 13:53:46] Checking rmMainMap.yy
[13-01-2024 13:53:46] Parsing C:/Users/david/Documents/GameMakerStudio2/dingojam2024/Dingo2024/rooms/rmMainMap/rmMainMap.yy
[13-01-2024 13:53:46] Reading C:/Users/david/Documents/GameMakerStudio2/dingojam2024/Dingo2024/rooms/rmMainMap/rmMainMap.yy
[13-01-2024 13:53:46] Par: "folders/Rooms" at dir: "C:/Users/david/Documents/GameMakerStudio2/dingojam2024/Dingo2024/rooms/rmMainMap/rmMainMap.yy"
[13-01-2024 13:53:46] Found Room: rmMainMap
[13-01-2024 13:53:46] Current parent directory: C:/Users/david/Documents/GameMakerStudio2/dingojam2024/Dingo2024/scripts
[13-01-2024 13:53:46] Checking upgradeFile
[13-01-2024 13:53:46] Directory: C:/Users/david/Documents/GameMakerStudio2/dingojam2024/Dingo2024/scripts/upgradeFile
[13-01-2024 13:53:46] Checking itemFile
[13-01-2024 13:53:46] Directory: C:/Users/david/Documents/GameMakerStudio2/dingojam2024/Dingo2024/scripts/itemFile
[13-01-2024 13:53:46] Current parent directory: C:/Users/david/Documents/GameMakerStudio2/dingojam2024/Dingo2024/scripts/itemFile
[13-01-2024 13:53:46] Checking itemFile.yy
[13-01-2024 13:53:46] Parsing C:/Users/david/Documents/GameMakerStudio2/dingojam2024/Dingo2024/scripts/itemFile/itemFile.yy
[13-01-2024 13:53:46] Reading C:/Users/david/Documents/GameMakerStudio2/dingojam2024/Dingo2024/scripts/itemFile/itemFile.yy
[13-01-2024 13:53:46] Par: "folders/Scripts" at dir: "C:/Users/david/Documents/GameMakerStudio2/dingojam2024/Dingo2024/scripts/itemFile/itemFile.yy"
[13-01-2024 13:53:46] Found Script: itemFile
[13-01-2024 13:53:46] Checking itemFile.gml
[13-01-2024 13:53:46] Current parent directory: C:/Users/david/Documents/GameMakerStudio2/dingojam2024/Dingo2024/scripts/upgradeFile
[13-01-2024 13:53:46] Checking upgradeFile.yy
[13-01-2024 13:53:46] Parsing C:/Users/david/Documents/GameMakerStudio2/dingojam2024/Dingo2024/scripts/upgradeFile/upgradeFile.yy
[13-01-2024 13:53:46] Reading C:/Users/david/Documents/GameMakerStudio2/dingojam2024/Dingo2024/scripts/upgradeFile/upgradeFile.yy
[13-01-2024 13:53:46] Par: "folders/Scripts" at dir: "C:/Users/david/Documents/GameMakerStudio2/dingojam2024/Dingo2024/scripts/upgradeFile/upgradeFile.yy"
[13-01-2024 13:53:46] Found Script: upgradeFile
[13-01-2024 13:53:46] Checking upgradeFile.gml
[13-01-2024 13:53:46] Current parent directory: C:/Users/david/Documents/GameMakerStudio2/dingojam2024/Dingo2024/sequences
[13-01-2024 13:53:46] Current parent directory: C:/Users/david/Documents/GameMakerStudio2/dingojam2024/Dingo2024/shaders
[13-01-2024 13:53:46] Current parent directory: C:/Users/david/Documents/GameMakerStudio2/dingojam2024/Dingo2024/sounds
[13-01-2024 13:53:46] Current parent directory: C:/Users/david/Documents/GameMakerStudio2/dingojam2024/Dingo2024/sprites
[13-01-2024 13:53:46] Checking sUpgradeBlock
[13-01-2024 13:53:46] Directory: C:/Users/david/Documents/GameMakerStudio2/dingojam2024/Dingo2024/sprites/sUpgradeBlock
[13-01-2024 13:53:46] Checking sTileset
[13-01-2024 13:53:46] Directory: C:/Users/david/Documents/GameMakerStudio2/dingojam2024/Dingo2024/sprites/sTileset
[13-01-2024 13:53:46] Checking sPlater
[13-01-2024 13:53:46] Directory: C:/Users/david/Documents/GameMakerStudio2/dingojam2024/Dingo2024/sprites/sPlater
[13-01-2024 13:53:46] Checking sBullet
[13-01-2024 13:53:46] Directory: C:/Users/david/Documents/GameMakerStudio2/dingojam2024/Dingo2024/sprites/sBullet
[13-01-2024 13:53:46] Checking cat
[13-01-2024 13:53:46] Directory: C:/Users/david/Documents/GameMakerStudio2/dingojam2024/Dingo2024/sprites/cat
[13-01-2024 13:53:46] Current parent directory: C:/Users/david/Documents/GameMakerStudio2/dingojam2024/Dingo2024/sprites/cat
[13-01-2024 13:53:46] Checking layers
[13-01-2024 13:53:46] Directory: C:/Users/david/Documents/GameMakerStudio2/dingojam2024/Dingo2024/sprites/cat/layers
[13-01-2024 13:53:46] Checking cat.yy
[13-01-2024 13:53:46] Parsing C:/Users/david/Documents/GameMakerStudio2/dingojam2024/Dingo2024/sprites/cat/cat.yy
[13-01-2024 13:53:46] Reading C:/Users/david/Documents/GameMakerStudio2/dingojam2024/Dingo2024/sprites/cat/cat.yy
[13-01-2024 13:53:46] Par: "folders/Sprites" at dir: "C:/Users/david/Documents/GameMakerStudio2/dingojam2024/Dingo2024/sprites/cat/cat.yy"
[13-01-2024 13:53:46] Found Sprite: cat
[13-01-2024 13:53:46] Checking 8399b4ed-1d7c-49f3-93cb-a80be565decd.png
[13-01-2024 13:53:46] Checking 80a18a9b-7132-49f3-bd01-600c18b9843c.png
[13-01-2024 13:53:46] Checking 5c79ece5-b415-451e-9431-bdaa248bfc84.png
[13-01-2024 13:53:46] Checking 54bd45b2-106f-431a-b774-660b041a77f2.png
[13-01-2024 13:53:46] Checking 00ff78dc-a78c-4e85-b617-15bb7d138ed2.png
[13-01-2024 13:53:46] Current parent directory: C:/Users/david/Documents/GameMakerStudio2/dingojam2024/Dingo2024/sprites/cat/layers
[13-01-2024 13:53:46] Checking 8399b4ed-1d7c-49f3-93cb-a80be565decd
[13-01-2024 13:53:46] Directory: C:/Users/david/Documents/GameMakerStudio2/dingojam2024/Dingo2024/sprites/cat/layers/8399b4ed-1d7c-49f3-93cb-a80be565decd
[13-01-2024 13:53:46] Checking 80a18a9b-7132-49f3-bd01-600c18b9843c
[13-01-2024 13:53:46] Directory: C:/Users/david/Documents/GameMakerStudio2/dingojam2024/Dingo2024/sprites/cat/layers/80a18a9b-7132-49f3-bd01-600c18b9843c
[13-01-2024 13:53:46] Checking 5c79ece5-b415-451e-9431-bdaa248bfc84
[13-01-2024 13:53:46] Directory: C:/Users/david/Documents/GameMakerStudio2/dingojam2024/Dingo2024/sprites/cat/layers/5c79ece5-b415-451e-9431-bdaa248bfc84
[13-01-2024 13:53:46] Checking 54bd45b2-106f-431a-b774-660b041a77f2
[13-01-2024 13:53:46] Directory: C:/Users/david/Documents/GameMakerStudio2/dingojam2024/Dingo2024/sprites/cat/layers/54bd45b2-106f-431a-b774-660b041a77f2
[13-01-2024 13:53:46] Checking 00ff78dc-a78c-4e85-b617-15bb7d138ed2
[13-01-2024 13:53:46] Directory: C:/Users/david/Documents/GameMakerStudio2/dingojam2024/Dingo2024/sprites/cat/layers/00ff78dc-a78c-4e85-b617-15bb7d138ed2
[13-01-2024 13:53:46] Current parent directory: C:/Users/david/Documents/GameMakerStudio2/dingojam2024/Dingo2024/sprites/cat/layers/00ff78dc-a78c-4e85-b617-15bb7d138ed2
[13-01-2024 13:53:46] Checking 9a50f81e-0568-4380-a049-3193363ef250.png
[13-01-2024 13:53:46] Current parent directory: C:/Users/david/Documents/GameMakerStudio2/dingojam2024/Dingo2024/sprites/cat/layers/54bd45b2-106f-431a-b774-660b041a77f2
[13-01-2024 13:53:46] Checking 9a50f81e-0568-4380-a049-3193363ef250.png
[13-01-2024 13:53:46] Current parent directory: C:/Users/david/Documents/GameMakerStudio2/dingojam2024/Dingo2024/sprites/cat/layers/5c79ece5-b415-451e-9431-bdaa248bfc84
[13-01-2024 13:53:46] Checking 9a50f81e-0568-4380-a049-3193363ef250.png
[13-01-2024 13:53:46] Current parent directory: C:/Users/david/Documents/GameMakerStudio2/dingojam2024/Dingo2024/sprites/cat/layers/80a18a9b-7132-49f3-bd01-600c18b9843c
[13-01-2024 13:53:46] Checking 9a50f81e-0568-4380-a049-3193363ef250.png
[13-01-2024 13:53:46] Current parent directory: C:/Users/david/Documents/GameMakerStudio2/dingojam2024/Dingo2024/sprites/cat/layers/8399b4ed-1d7c-49f3-93cb-a80be565decd
[13-01-2024 13:53:46] Checking 9a50f81e-0568-4380-a049-3193363ef250.png
[13-01-2024 13:53:46] Current parent directory: C:/Users/david/Documents/GameMakerStudio2/dingojam2024/Dingo2024/sprites/sBullet
[13-01-2024 13:53:46] Checking sBullet.yy
[13-01-2024 13:53:46] Parsing C:/Users/david/Documents/GameMakerStudio2/dingojam2024/Dingo2024/sprites/sBullet/sBullet.yy
[13-01-2024 13:53:46] Reading C:/Users/david/Documents/GameMakerStudio2/dingojam2024/Dingo2024/sprites/sBullet/sBullet.yy
[13-01-2024 13:53:46] Par: "folders/Sprites" at dir: "C:/Users/david/Documents/GameMakerStudio2/dingojam2024/Dingo2024/sprites/sBullet/sBullet.yy"
[13-01-2024 13:53:46] Found Sprite: sBullet
[13-01-2024 13:53:46] Checking layers
[13-01-2024 13:53:46] Directory: C:/Users/david/Documents/GameMakerStudio2/dingojam2024/Dingo2024/sprites/sBullet/layers
[13-01-2024 13:53:46] Checking 9c1432e2-8d61-4481-96a2-691f7a67af71.png
[13-01-2024 13:53:46] Current parent directory: C:/Users/david/Documents/GameMakerStudio2/dingojam2024/Dingo2024/sprites/sBullet/layers
[13-01-2024 13:53:46] Checking 9c1432e2-8d61-4481-96a2-691f7a67af71
[13-01-2024 13:53:46] Directory: C:/Users/david/Documents/GameMakerStudio2/dingojam2024/Dingo2024/sprites/sBullet/layers/9c1432e2-8d61-4481-96a2-691f7a67af71
[13-01-2024 13:53:46] Current parent directory: C:/Users/david/Documents/GameMakerStudio2/dingojam2024/Dingo2024/sprites/sBullet/layers/9c1432e2-8d61-4481-96a2-691f7a67af71
[13-01-2024 13:53:46] Checking c020b038-db70-465b-aeae-cc9a412b8869.png
[13-01-2024 13:53:46] Current parent directory: C:/Users/david/Documents/GameMakerStudio2/dingojam2024/Dingo2024/sprites/sPlater
[13-01-2024 13:53:46] Checking sPlater.yy
[13-01-2024 13:53:46] Parsing C:/Users/david/Documents/GameMakerStudio2/dingojam2024/Dingo2024/sprites/sPlater/sPlater.yy
[13-01-2024 13:53:46] Reading C:/Users/david/Documents/GameMakerStudio2/dingojam2024/Dingo2024/sprites/sPlater/sPlater.yy
[13-01-2024 13:53:46] Par: "folders/Rooms" at dir: "C:/Users/david/Documents/GameMakerStudio2/dingojam2024/Dingo2024/sprites/sPlater/sPlater.yy"
[13-01-2024 13:53:46] Found Sprite: sPlater
[13-01-2024 13:53:46] Checking layers
[13-01-2024 13:53:46] Directory: C:/Users/david/Documents/GameMakerStudio2/dingojam2024/Dingo2024/sprites/sPlater/layers
[13-01-2024 13:53:46] Checking a72285ad-e69d-432a-9de1-bc8a629be6b2.png
[13-01-2024 13:53:46] Current parent directory: C:/Users/david/Documents/GameMakerStudio2/dingojam2024/Dingo2024/sprites/sPlater/layers
[13-01-2024 13:53:46] Checking a72285ad-e69d-432a-9de1-bc8a629be6b2
[13-01-2024 13:53:46] Directory: C:/Users/david/Documents/GameMakerStudio2/dingojam2024/Dingo2024/sprites/sPlater/layers/a72285ad-e69d-432a-9de1-bc8a629be6b2
[13-01-2024 13:53:46] Current parent directory: C:/Users/david/Documents/GameMakerStudio2/dingojam2024/Dingo2024/sprites/sPlater/layers/a72285ad-e69d-432a-9de1-bc8a629be6b2
[13-01-2024 13:53:46] Checking 1f834b26-d9b0-4250-9b12-185988ea72e4.png
[13-01-2024 13:53:46] Current parent directory: C:/Users/david/Documents/GameMakerStudio2/dingojam2024/Dingo2024/sprites/sTileset
[13-01-2024 13:53:46] Checking sTileset.yy
[13-01-2024 13:53:46] Parsing C:/Users/david/Documents/GameMakerStudio2/dingojam2024/Dingo2024/sprites/sTileset/sTileset.yy
[13-01-2024 13:53:46] Reading C:/Users/david/Documents/GameMakerStudio2/dingojam2024/Dingo2024/sprites/sTileset/sTileset.yy
[13-01-2024 13:53:46] Par: "folders/Sprites" at dir: "C:/Users/david/Documents/GameMakerStudio2/dingojam2024/Dingo2024/sprites/sTileset/sTileset.yy"
[13-01-2024 13:53:46] Found Sprite: sTileset
[13-01-2024 13:53:46] Checking layers
[13-01-2024 13:53:46] Directory: C:/Users/david/Documents/GameMakerStudio2/dingojam2024/Dingo2024/sprites/sTileset/layers
[13-01-2024 13:53:46] Checking 478b673b-b98a-492e-9e50-c8b144ec4dee.png
[13-01-2024 13:53:46] Current parent directory: C:/Users/david/Documents/GameMakerStudio2/dingojam2024/Dingo2024/sprites/sTileset/layers
[13-01-2024 13:53:46] Checking 478b673b-b98a-492e-9e50-c8b144ec4dee
[13-01-2024 13:53:46] Directory: C:/Users/david/Documents/GameMakerStudio2/dingojam2024/Dingo2024/sprites/sTileset/layers/478b673b-b98a-492e-9e50-c8b144ec4dee
[13-01-2024 13:53:46] Current parent directory: C:/Users/david/Documents/GameMakerStudio2/dingojam2024/Dingo2024/sprites/sTileset/layers/478b673b-b98a-492e-9e50-c8b144ec4dee
[13-01-2024 13:53:46] Checking 13070d9c-ace4-42f5-b2cd-15817beb43df.png
[13-01-2024 13:53:46] Current parent directory: C:/Users/david/Documents/GameMakerStudio2/dingojam2024/Dingo2024/sprites/sUpgradeBlock
[13-01-2024 13:53:46] Checking sUpgradeBlock.yy
[13-01-2024 13:53:46] Parsing C:/Users/david/Documents/GameMakerStudio2/dingojam2024/Dingo2024/sprites/sUpgradeBlock/sUpgradeBlock.yy
[13-01-2024 13:53:46] Reading C:/Users/david/Documents/GameMakerStudio2/dingojam2024/Dingo2024/sprites/sUpgradeBlock/sUpgradeBlock.yy
[13-01-2024 13:53:46] Par: "folders/Sprites" at dir: "C:/Users/david/Documents/GameMakerStudio2/dingojam2024/Dingo2024/sprites/sUpgradeBlock/sUpgradeBlock.yy"
[13-01-2024 13:53:46] Found Sprite: sUpgradeBlock
[13-01-2024 13:53:46] Checking layers
[13-01-2024 13:53:46] Directory: C:/Users/david/Documents/GameMakerStudio2/dingojam2024/Dingo2024/sprites/sUpgradeBlock/layers
[13-01-2024 13:53:46] Checking 9e21329a-d84f-476b-aac7-bbd9473af8f7.png
[13-01-2024 13:53:46] Current parent directory: C:/Users/david/Documents/GameMakerStudio2/dingojam2024/Dingo2024/sprites/sUpgradeBlock/layers
[13-01-2024 13:53:46] Checking 9e21329a-d84f-476b-aac7-bbd9473af8f7
[13-01-2024 13:53:46] Directory: C:/Users/david/Documents/GameMakerStudio2/dingojam2024/Dingo2024/sprites/sUpgradeBlock/layers/9e21329a-d84f-476b-aac7-bbd9473af8f7
[13-01-2024 13:53:46] Current parent directory: C:/Users/david/Documents/GameMakerStudio2/dingojam2024/Dingo2024/sprites/sUpgradeBlock/layers/9e21329a-d84f-476b-aac7-bbd9473af8f7
[13-01-2024 13:53:46] Checking c2d1da9b-f8be-4c8a-80f4-e8e4c32eebdd.png
[13-01-2024 13:53:46] Current parent directory: C:/Users/david/Documents/GameMakerStudio2/dingojam2024/Dingo2024/tilesets
[13-01-2024 13:53:46] Checking tsWorld
[13-01-2024 13:53:46] Directory: C:/Users/david/Documents/GameMakerStudio2/dingojam2024/Dingo2024/tilesets/tsWorld
[13-01-2024 13:53:46] Current parent directory: C:/Users/david/Documents/GameMakerStudio2/dingojam2024/Dingo2024/tilesets/tsWorld
[13-01-2024 13:53:46] Checking tsWorld.yy
[13-01-2024 13:53:46] Parsing C:/Users/david/Documents/GameMakerStudio2/dingojam2024/Dingo2024/tilesets/tsWorld/tsWorld.yy
[13-01-2024 13:53:46] Reading C:/Users/david/Documents/GameMakerStudio2/dingojam2024/Dingo2024/tilesets/tsWorld/tsWorld.yy
[13-01-2024 13:53:46] Par: "folders/Tile Sets" at dir: "C:/Users/david/Documents/GameMakerStudio2/dingojam2024/Dingo2024/tilesets/tsWorld/tsWorld.yy"
[13-01-2024 13:53:46] Found TileSet: tsWorld
[13-01-2024 13:53:46] Checking output_tileset.png
[13-01-2024 13:53:46] Current parent directory: C:/Users/david/Documents/GameMakerStudio2/dingojam2024/Dingo2024/timelines
[13-01-2024 13:53:46] Moving files to trash...
[13-01-2024 13:53:46] Files yeeted successfully!
[13-01-2024 13:53:46] Generating YYP...
[13-01-2024 13:53:46] Dingo2024.yyp created successfully!
